{
  "0 debug pnpm:scope": {
    "selected": 1,
    "workspacePrefix": "C:\\Users\\JF-PS\\Documents\\FRENCHIES-SPOT\\THE PROJECT"
  },
  "1 warn pnpm": {
    "message": "Unsupported engine: wanted: {\"node\":\"18.16.1\"} (current: {\"node\":\"v18.14.2\",\"pnpm\":\"7.0.0\"})",
    "prefix": "C:\\Users\\JF-PS\\Documents\\FRENCHIES-SPOT\\THE PROJECT"
  },
  "2 error pnpm": {
    "errno": 1,
    "code": "ELIFECYCLE",
    "pkgid": "frenchies-spots@1.0.0",
    "stage": "webui",
    "script": " dotenv -- turbo run dev --filter frenchies-spots-webui --no-daemon",
    "pkgname": "frenchies-spots",
    "err": {
      "name": "pnpm",
      "message": "frenchies-spots@1.0.0 webui: ` dotenv -- turbo run dev --filter frenchies-spots-webui --no-daemon`\nExit status 1",
      "code": "ELIFECYCLE",
      "stack": "pnpm: frenchies-spots@1.0.0 webui: ` dotenv -- turbo run dev --filter frenchies-spots-webui --no-daemon`\nExit status 1\n    at EventEmitter.<anonymous> (C:\\Users\\JF-PS\\AppData\\Roaming\\npm\\node_modules\\pnpm\\dist\\pnpm.cjs:106732:20)\n    at EventEmitter.emit (node:events:513:28)\n    at ChildProcess.<anonymous> (C:\\Users\\JF-PS\\AppData\\Roaming\\npm\\node_modules\\pnpm\\dist\\pnpm.cjs:93301:18)\n    at ChildProcess.emit (node:events:513:28)\n    at maybeClose (node:internal/child_process:1091:16)\n    at ChildProcess._handle.onexit (node:internal/child_process:302:5)"
    }
  },
  "3 warn pnpm:global": " Local package.json exists, but node_modules missing, did you mean to install?"
}