{
  "0 debug pnpm:scope": {
    "selected": 1,
    "workspacePrefix": "C:\\Users\\JF-PS\\Documents\\FRENCHIES-SPOT\\test\\Correctif\\pnpm_expo_turbo_repo"
  },
  "1 error pnpm": {
    "errno": 1,
    "code": "ELIFECYCLE",
    "pkgid": "frenchies-spots-webui@1.0.0",
    "stage": "dev",
    "script": "expo start --clear --web",
    "pkgname": "frenchies-spots-webui",
    "err": {
      "name": "pnpm",
      "message": "frenchies-spots-webui@1.0.0 dev: `expo start --clear --web`\nExit status 1",
      "code": "ELIFECYCLE",
      "stack": "pnpm: frenchies-spots-webui@1.0.0 dev: `expo start --clear --web`\nExit status 1\n    at EventEmitter.<anonymous> (C:\\Users\\JF-PS\\AppData\\Roaming\\npm\\node_modules\\pnpm\\dist\\pnpm.cjs:106732:20)\n    at EventEmitter.emit (node:events:513:28)\n    at ChildProcess.<anonymous> (C:\\Users\\JF-PS\\AppData\\Roaming\\npm\\node_modules\\pnpm\\dist\\pnpm.cjs:93301:18)\n    at ChildProcess.emit (node:events:513:28)\n    at maybeClose (node:internal/child_process:1091:16)\n    at ChildProcess._handle.onexit (node:internal/child_process:302:5)"
    }
  }
}